<?xml version="1.0" encoding="UTF-8"?>
<testsuite name="libraryTestSuite" tests="1" skipped="0" failures="0" errors="0" timestamp="2022-08-02T14:24:57" hostname="DESKTOP-1J8AMQG" time="0.013">
  <properties/>
  <testcase name="testAddingBookstoTheLibrary()" classname="libraryTestSuite" time="0.013"/>
  <system-out><![CDATA[]]></system-out>
  <system-err><![CDATA[]]></system-err>
</testsuite>
